<?xml version="1.0" encoding="UTF-8"?>
<!-- Generated by org.testng.reporters.JUnitReportReporter -->
<testsuite hostname="DESKTOP-FOKO1P1" failures="0" tests="4" name="qa.testcases.AllUrlWithStatusCodeTest" time="57.845" errors="0" timestamp="2024-07-14T14:40:16 BDT" skipped="0">
  <testcase classname="qa.testcases.AllUrlWithStatusCodeTest" name="totalLinkTest" time="10.878"/>
  <system-out/>
  <testcase classname="qa.testcases.AllUrlWithStatusCodeTest" name="searchUrls" time="14.489"/>
  <system-out/>
  <testcase classname="qa.testcases.AllUrlWithStatusCodeTest" name="testUrlResponseCodes" time="32.476"/>
  <system-out/>
  <testcase classname="qa.testcases.AllUrlWithStatusCodeTest" name="removeDuplicateResponseCodes" time="0.002"/>
  <system-out/>
</testsuite> <!-- qa.testcases.AllUrlWithStatusCodeTest -->
