<?xml version="1.0" encoding="UTF-8"?>
<!-- Generated by org.testng.reporters.JUnitReportReporter -->
<testsuite hostname="DESKTOP-FOKO1P1" failures="0" tests="6" name="qa.testcases.NatureCategoryTest" time="115.210" errors="0" timestamp="2024-07-14T14:40:16 BDT" skipped="0">
  <testcase classname="qa.testcases.NatureCategoryTest" name="EcosystemsCategoryTest" time="13.943"/>
  <system-out/>
  <testcase classname="qa.testcases.NatureCategoryTest" name="FloraandFaunaCategoryTest" time="13.357"/>
  <system-out/>
  <testcase classname="qa.testcases.NatureCategoryTest" name="LandscapesCategoryTest" time="35.493"/>
  <system-out/>
  <testcase classname="qa.testcases.NatureCategoryTest" name="BiodiversityCategoryTest" time="17.440"/>
  <system-out/>
  <testcase classname="qa.testcases.NatureCategoryTest" name="NaturalWondersCategoryTest" time="17.495"/>
  <system-out/>
  <testcase classname="qa.testcases.NatureCategoryTest" name="WildlifePhotographyCategoryTest" time="17.482"/>
  <system-out/>
</testsuite> <!-- qa.testcases.NatureCategoryTest -->
