<?xml version="1.0" encoding="UTF-8"?>
<!-- Generated by org.testng.reporters.JUnitReportReporter -->
<testsuite hostname="DESKTOP-FOKO1P1" failures="0" tests="4" name="qa.testcases.TechnologyCategoryTest" time="87.540" errors="0" timestamp="2024-07-14T14:40:16 BDT" skipped="0">
  <testcase classname="qa.testcases.TechnologyCategoryTest" name="HardwareCategoryTest" time="22.697"/>
  <system-out/>
  <testcase classname="qa.testcases.TechnologyCategoryTest" name="SoftwareCategoryTest" time="21.604"/>
  <system-out/>
  <testcase classname="qa.testcases.TechnologyCategoryTest" name="InternetandNetworkingCategoryTest" time="21.624"/>
  <system-out/>
  <testcase classname="qa.testcases.TechnologyCategoryTest" name="EmergingTechnologiesCategoryTest" time="21.615"/>
  <system-out/>
</testsuite> <!-- qa.testcases.TechnologyCategoryTest -->
