<?xml version="1.0" encoding="UTF-8"?>
<!-- Generated by org.testng.reporters.JUnitReportReporter -->
<testsuite hostname="DESKTOP-FOKO1P1" failures="0" tests="4" name="qa.testcases.EntertainmentCategoryTest" time="102.539" errors="0" timestamp="2024-07-14T14:40:16 BDT" skipped="0">
  <testcase classname="qa.testcases.EntertainmentCategoryTest" name="MoviesCategoryTest" time="26.376"/>
  <system-out/>
  <testcase classname="qa.testcases.EntertainmentCategoryTest" name="TelevisionCategoryTest" time="25.717"/>
  <system-out/>
  <testcase classname="qa.testcases.EntertainmentCategoryTest" name="MusicCategoryTest" time="25.728"/>
  <system-out/>
  <testcase classname="qa.testcases.EntertainmentCategoryTest" name="GamingCategoryTest" time="24.718"/>
  <system-out/>
</testsuite> <!-- qa.testcases.EntertainmentCategoryTest -->
