<?xml version="1.0" encoding="UTF-8"?>
<!-- Generated by org.testng.reporters.JUnitReportReporter -->
<testsuite hostname="DESKTOP-FOKO1P1" failures="0" tests="5" name="qa.testcases.FoodCategoryTest" time="133.019" errors="0" timestamp="2024-07-14T14:40:16 BDT" skipped="0">
  <testcase classname="qa.testcases.FoodCategoryTest" name="CuisinesFoodCategoryTest" time="30.991"/>
  <system-out/>
  <testcase classname="qa.testcases.FoodCategoryTest" name="DietFoodCategoryTest" time="25.785"/>
  <system-out/>
  <testcase classname="qa.testcases.FoodCategoryTest" name="CookingMethodsFoodCategoryTest" time="25.778"/>
  <system-out/>
  <testcase classname="qa.testcases.FoodCategoryTest" name="MealsFoodCategoryTest" time="24.709"/>
  <system-out/>
  <testcase classname="qa.testcases.FoodCategoryTest" name="IngredientFocusFoodCategoryTest" time="25.756"/>
  <system-out/>
</testsuite> <!-- qa.testcases.FoodCategoryTest -->
