<?xml version="1.0" encoding="UTF-8"?>
<!-- Generated by org.testng.reporters.JUnitReportReporter -->
<testsuite hostname="DESKTOP-FOKO1P1" failures="0" tests="4" name="qa.testcases.VehicleCategoryTest" time="75.833" errors="0" timestamp="2024-07-14T14:40:16 BDT" skipped="0">
  <testcase classname="qa.testcases.VehicleCategoryTest" name="MotorcyclesCategoryTest" time="26.342"/>
  <system-out/>
  <testcase classname="qa.testcases.VehicleCategoryTest" name="TrucksCategoryTest" time="21.611"/>
  <system-out/>
  <testcase classname="qa.testcases.VehicleCategoryTest" name="BicyclesCategoryTest" time="18.620"/>
  <system-out/>
  <testcase classname="qa.testcases.VehicleCategoryTest" name="PublicTransportationCategoryTest" time="9.260"/>
  <system-out/>
</testsuite> <!-- qa.testcases.VehicleCategoryTest -->
