<?xml version="1.0" encoding="UTF-8"?>
<!-- Generated by org.testng.reporters.JUnitReportReporter -->
<testsuite hostname="DESKTOP-FOKO1P1" failures="0" tests="10" name="qa.testcases.LanguageWithUrlTest" time="47.509" errors="0" timestamp="2024-07-14T14:40:16 BDT" skipped="0">
  <testcase classname="qa.testcases.LanguageWithUrlTest" name="FrançaisLang_Test" time="5.597"/>
  <system-out/>
  <testcase classname="qa.testcases.LanguageWithUrlTest" name="EspañolLang_Test" time="4.358"/>
  <system-out/>
  <testcase classname="qa.testcases.LanguageWithUrlTest" name="italianoLang_Test" time="5.018"/>
  <system-out/>
  <testcase classname="qa.testcases.LanguageWithUrlTest" name="kРусскийLang_Test" time="4.354"/>
  <system-out/>
  <testcase classname="qa.testcases.LanguageWithUrlTest" name="हिंदीLang_Test" time="4.801"/>
  <system-out/>
  <testcase classname="qa.testcases.LanguageWithUrlTest" name="IndonesiaLang_Test" time="5.047"/>
  <system-out/>
  <testcase classname="qa.testcases.LanguageWithUrlTest" name="jaLang_Test" time="4.837"/>
  <system-out/>
  <testcase classname="qa.testcases.LanguageWithUrlTest" name="FilipinoLang_Test" time="4.850"/>
  <system-out/>
  <testcase classname="qa.testcases.LanguageWithUrlTest" name="普通话Lang_Test" time="4.339"/>
  <system-out/>
  <testcase classname="qa.testcases.LanguageWithUrlTest" name="EnglishLang_Test" time="4.308"/>
  <system-out/>
</testsuite> <!-- qa.testcases.LanguageWithUrlTest -->
