<?xml version="1.0" encoding="UTF-8"?>
<!-- Generated by org.testng.reporters.JUnitReportReporter -->
<testsuite hostname="DESKTOP-FOKO1P1" failures="0" tests="4" name="qa.testcases.SportsCategoryTest" time="128.806" errors="0" timestamp="2024-07-14T14:40:16 BDT" skipped="0">
  <testcase classname="qa.testcases.SportsCategoryTest" name="TeamSportsCategoryTest" time="35.137"/>
  <system-out/>
  <testcase classname="qa.testcases.SportsCategoryTest" name="IndividualSportsCategoryTest" time="33.983"/>
  <system-out/>
  <testcase classname="qa.testcases.SportsCategoryTest" name="CombatSportsCategoryTest" time="25.727"/>
  <system-out/>
  <testcase classname="qa.testcases.SportsCategoryTest" name="ExtremeSportsCategoryTest" time="33.959"/>
  <system-out/>
</testsuite> <!-- qa.testcases.SportsCategoryTest -->
