<?xml version="1.0" encoding="UTF-8"?>
<!-- Generated by org.testng.reporters.JUnitReportReporter -->
<testsuite hostname="DESKTOP-FOKO1P1" failures="0" tests="3" name="qa.testcases.GeneralCategoryTest" time="33.873" errors="0" timestamp="2024-07-14T14:40:16 BDT" skipped="0">
  <testcase classname="qa.testcases.GeneralCategoryTest" name="ParagraphCategoryTest" time="11.275"/>
  <system-out/>
  <testcase classname="qa.testcases.GeneralCategoryTest" name="WordCategoryTest" time="11.305"/>
  <system-out/>
  <testcase classname="qa.testcases.GeneralCategoryTest" name="ListCategoryTest" time="11.293"/>
  <system-out/>
</testsuite> <!-- qa.testcases.GeneralCategoryTest -->
